<?xml version="1.0" encoding="UTF-8"?>
<testsuite xmlns:xsi="http://www.w3.org/2001/XMLSchema-instance" xsi:noNamespaceSchemaLocation="https://maven.apache.org/surefire/maven-surefire-plugin/xsd/surefire-test-report-3.0.xsd" version="3.0" name="ca.yorku.eecs3311.othello.test.OthelloTest" time="0.0" tests="4" errors="0" skipped="0" failures="0">
  <properties>
[...]
</properties>
  <testcase name="testGetCount" classname="ca.yorku.eecs3311.othello.test.OthelloTest" time="0.0"/>
  <testcase name="testGetWhosTurn" classname="ca.yorku.eecs3311.othello.test.OthelloTest" time="0.0"/>
  <testcase name="testIsGameOver" classname="ca.yorku.eecs3311.othello.test.OthelloTest" time="0.0"/>
  <testcase name="testGetWinner" classname="ca.yorku.eecs3311.othello.test.OthelloTest" time="0.0"/>
</testsuite>